<?xml version="1.0" encoding="UTF-8"?>
<testsuite name="com.phoneScamCatcher.scatcher.ScatcherApplicationTests" tests="1" skipped="0" failures="0" errors="0" timestamp="2023-12-28T19:26:04" hostname="DESKTOP-1CSRDTR" time="0.932">
  <properties/>
  <testcase name="contextLoads()" classname="com.phoneScamCatcher.scatcher.ScatcherApplicationTests" time="0.932"/>
  <system-out><![CDATA[22:26:02.894 [Test worker] INFO org.springframework.test.context.support.AnnotationConfigContextLoaderUtils -- Could not detect default configuration classes for test class [com.phoneScamCatcher.scatcher.ScatcherApplicationTests]: ScatcherApplicationTests does not declare any static, non-private, non-final, nested classes annotated with @Configuration.
22:26:03.013 [Test worker] INFO org.springframework.boot.test.context.SpringBootTestContextBootstrapper -- Found @SpringBootConfiguration com.phoneScamCatcher.scatcher.ScatcherApplication for test class com.phoneScamCatcher.scatcher.ScatcherApplicationTests

  .   ____          _            __ _ _
 /\\ / ___'_ __ _ _(_)_ __  __ _ \ \ \ \
( ( )\___ | '_ | '_| | '_ \/ _` | \ \ \ \
 \\/  ___)| |_)| | | | | || (_| |  ) ) ) )
  '  |____| .__|_| |_|_| |_\__, | / / / /
 =========|_|==============|___/=/_/_/_/
 :: Spring Boot ::                (v3.2.1)

2023-12-28T22:26:03.449+03:00  INFO 131384 --- [    Test worker] c.p.scatcher.ScatcherApplicationTests    : Starting ScatcherApplicationTests using Java 21.0.1 with PID 131384 (started by Grealyve in E:\Java Projects\Phone-Scam-Catcher)
2023-12-28T22:26:03.450+03:00  INFO 131384 --- [    Test worker] c.p.scatcher.ScatcherApplicationTests    : No active profile set, falling back to 1 default profile: "default"
2023-12-28T22:26:04.717+03:00  INFO 131384 --- [    Test worker] c.p.scatcher.ScatcherApplicationTests    : Started ScatcherApplicationTests in 1.513 seconds (process running for 3.055)
]]></system-out>
  <system-err><![CDATA[WARNING: A Java agent has been loaded dynamically (C:\Users\yusuf\.gradle\caches\modules-2\files-2.1\net.bytebuddy\byte-buddy-agent\1.14.10\90ed94ac044ea8953b224304c762316e91fd6b31\byte-buddy-agent-1.14.10.jar)
WARNING: If a serviceability tool is in use, please run with -XX:+EnableDynamicAgentLoading to hide this warning
WARNING: If a serviceability tool is not in use, please run with -Djdk.instrument.traceUsage for more information
WARNING: Dynamic loading of agents will be disallowed by default in a future release
]]></system-err>
</testsuite>
